2024-11-05 03:40:10,500 - INFO - User id(2) removed the like from comment id(3)
2024-11-05 03:45:15,064 - INFO - User id(2) liked article id(7)
2024-11-05 03:45:18,014 - INFO - User id(2) removed the like from article id(7)
2024-11-05 03:45:21,029 - INFO - User id(2) liked comment id(3)
2024-11-05 03:59:18,356 - INFO - User id(2) posted a comment id(4)
2024-11-05 04:39:16,726 - INFO - User id(2) liked article id(4)
2024-11-13 01:57:21,561 - INFO - User id(2) liked comment id(2)
2024-11-13 01:57:24,460 - INFO - User id(2) removed the like from comment id(2)
2024-11-13 01:57:28,515 - INFO - User id(2) liked comment id(2)
2024-11-13 02:24:00,619 - INFO - User id(2) liked article id(8)
2024-11-13 02:24:05,811 - INFO - User id(2) removed the like from article id(8)
2024-11-13 02:24:15,091 - INFO - User id(2) liked article id(8)
2024-11-13 02:26:47,532 - INFO - User id(2) removed the like from comment id(2)
2024-11-13 02:26:50,338 - INFO - User id(2) liked comment id(2)
2024-11-13 02:27:31,836 - INFO - User id(2) removed the like from comment id(2)
2024-11-13 02:27:35,161 - INFO - User id(2) liked comment id(2)
2024-11-13 02:27:38,075 - INFO - User id(2) removed the like from comment id(2)
2024-11-13 02:28:04,912 - INFO - User id(2) removed the like from article id(4)
2024-11-13 02:28:09,089 - INFO - User id(2) liked article id(4)
2024-11-13 02:28:11,576 - INFO - User id(2) removed the like from article id(4)
2024-11-13 02:28:45,147 - INFO - User id(2) posted a comment id(5)
2024-11-13 02:28:52,189 - INFO - User id(2) liked comment id(5)
2024-11-13 02:53:15,326 - INFO - User id(4) posted a comment id(2)
2024-11-13 02:53:16,209 - INFO - User id(5) liked article id(6)
2024-11-13 02:53:17,878 - INFO - User id(7) liked comment id(5)
2024-11-13 02:55:50,718 - INFO - User id(5) liked article id(6)
2024-11-13 02:55:52,579 - INFO - User id(7) liked comment id(4)
2024-11-13 02:57:01,994 - INFO - User id(5) liked article id(6)
2024-11-13 02:57:03,642 - INFO - User id(7) liked comment id(4)
2024-11-13 02:57:23,158 - INFO - User id(5) liked article id(6)
2024-11-13 02:57:24,834 - INFO - User id(7) liked comment id(4)
2024-11-13 03:14:44,861 - INFO - User id(4) posted a comment id(2)
2024-11-13 03:14:45,769 - INFO - User id(5) liked article id(6)
2024-11-13 03:14:47,464 - INFO - User id(7) liked comment id(5)
2024-11-13 03:14:49,014 - INFO - User id(9) deleted article id(15)
2024-11-13 03:19:45,791 - INFO - User id(4) posted a comment id(2)
2024-11-13 03:19:46,725 - INFO - User id(5) liked article id(6)
2024-11-13 03:19:48,431 - INFO - User id(7) liked comment id(5)
2024-11-13 03:19:50,125 - INFO - User id(9) deleted article id(15)
2024-11-13 03:24:18,505 - INFO - User id(4) posted a comment id(2)
2024-11-13 03:24:19,400 - INFO - User id(5) liked article id(6)
2024-11-13 03:24:21,399 - INFO - User id(7) liked comment id(5)
2024-11-13 03:24:23,446 - INFO - User id(9) deleted article id(15)
2024-11-13 03:28:05,333 - INFO - User id(4) posted a comment id(2)
2024-11-13 03:28:06,164 - INFO - User id(5) liked article id(6)
2024-11-13 03:28:07,928 - INFO - User id(7) liked comment id(5)
2024-11-13 03:28:09,862 - INFO - User id(9) deleted article id(15)
2024-11-13 03:33:02,816 - INFO - User id(4) posted a comment id(2)
2024-11-13 03:33:03,629 - INFO - User id(5) liked article id(6)
2024-11-13 03:33:06,590 - INFO - User id(8) liked comment id(6)
2024-11-13 03:33:08,288 - INFO - User id(10) deleted article id(17)
2024-11-13 03:33:49,666 - INFO - User id(4) posted a comment id(2)
2024-11-13 03:33:50,499 - INFO - User id(5) liked article id(6)
2024-11-13 03:33:53,201 - INFO - User id(8) liked comment id(6)
2024-11-13 03:33:54,972 - INFO - User id(10) deleted article id(17)
2024-11-13 03:35:11,636 - INFO - User id(4) posted a comment id(2)
2024-11-13 03:35:12,461 - INFO - User id(5) liked article id(6)
2024-11-13 03:35:15,463 - INFO - User id(8) liked comment id(6)
2024-11-13 03:35:17,390 - INFO - User id(10) deleted article id(17)
2024-11-13 03:50:41,418 - INFO - User id(4) posted a comment id(2)
2024-11-13 03:50:42,268 - INFO - User id(5) liked article id(6)
2024-11-13 03:50:44,803 - INFO - User id(8) liked comment id(6)
2024-11-13 03:50:47,343 - INFO - User id(10) deleted article id(17)
2024-11-13 04:04:06,132 - INFO - User id(4) posted a comment id(2)
2024-11-13 04:04:06,987 - INFO - User id(5) liked article id(6)
2024-11-13 04:04:10,197 - INFO - User id(8) liked comment id(6)
2024-11-13 04:04:11,836 - INFO - User id(10) deleted article id(17)
2024-11-13 04:06:15,425 - INFO - User id(3) posted a comment id(2)
2024-11-13 04:06:16,550 - INFO - User id(4) liked article id(5)
2024-11-13 04:06:19,537 - INFO - User id(7) liked comment id(6)
2024-11-13 04:06:21,732 - INFO - User id(9) deleted article id(16)
2024-11-13 04:09:12,269 - INFO - User id(3) posted a comment id(2)
2024-11-13 04:09:13,519 - INFO - User id(4) liked article id(5)
2024-11-13 04:09:16,255 - INFO - User id(7) liked comment id(6)
2024-11-13 04:09:18,112 - INFO - User id(9) deleted article id(16)
2024-11-13 04:09:29,673 - INFO - User id(3) posted a comment id(2)
2024-11-13 04:09:30,904 - INFO - User id(4) liked article id(5)
2024-11-13 04:09:33,590 - INFO - User id(7) liked comment id(6)
2024-11-13 04:09:35,500 - INFO - User id(9) deleted article id(16)
2024-11-13 04:11:15,581 - INFO - User id(3) posted a comment id(2)
2024-11-13 04:11:16,934 - INFO - User id(4) liked article id(5)
2024-11-13 04:11:19,534 - INFO - User id(7) liked comment id(6)
2024-11-13 04:11:21,207 - INFO - User id(9) deleted article id(16)
2024-11-13 04:19:47,836 - INFO - User id(3) posted a comment id(2)
2024-11-13 04:19:49,472 - INFO - User id(4) liked article id(5)
2024-11-13 04:19:53,221 - INFO - User id(7) liked comment id(6)
2024-11-13 04:19:56,022 - INFO - User id(9) deleted article id(16)
2024-11-13 04:26:05,411 - INFO - User id(4) posted a comment id(2)
2024-11-13 04:26:06,775 - INFO - User id(5) liked article id(6)
2024-11-13 04:26:10,563 - INFO - User id(8) liked comment id(6)
2024-11-13 04:26:13,189 - INFO - User id(10) deleted article id(17)
2024-11-13 04:27:32,105 - INFO - User id(4) posted a comment id(2)
2024-11-13 04:27:33,285 - INFO - User id(5) liked article id(6)
2024-11-13 04:27:37,125 - INFO - User id(8) liked comment id(6)
2024-11-13 04:27:40,031 - INFO - User id(10) deleted article id(17)
2024-11-13 04:31:55,751 - INFO - User id(4) posted a comment id(2)
2024-11-13 04:31:57,000 - INFO - User id(5) liked article id(6)
2024-11-13 04:32:00,547 - INFO - User id(8) liked comment id(6)
2024-11-13 04:32:03,373 - INFO - User id(10) deleted article id(17)
2024-11-13 04:32:44,676 - INFO - User id(4) posted a comment id(2)
2024-11-13 04:32:46,220 - INFO - User id(5) liked article id(6)
2024-11-13 04:32:49,796 - INFO - User id(8) liked comment id(6)
2024-11-13 04:32:52,192 - INFO - User id(10) deleted article id(17)
2024-11-13 04:34:09,951 - INFO - User id(4) posted a comment id(2)
2024-11-13 04:34:11,286 - INFO - User id(5) liked article id(6)
2024-11-13 04:34:15,130 - INFO - User id(8) liked comment id(6)
2024-11-13 04:34:17,926 - INFO - User id(10) deleted article id(17)
2024-11-13 04:36:51,229 - INFO - User id(4) posted a comment id(2)
2024-11-13 04:36:52,491 - INFO - User id(5) liked article id(6)
2024-11-13 04:36:56,444 - INFO - User id(8) liked comment id(6)
2024-11-13 04:36:59,601 - INFO - User id(10) deleted article id(17)
2024-11-13 04:37:39,706 - INFO - User id(4) posted a comment id(2)
2024-11-13 04:37:40,828 - INFO - User id(5) liked article id(6)
2024-11-13 04:37:44,829 - INFO - User id(8) liked comment id(6)
2024-11-13 04:37:46,836 - INFO - User id(10) deleted article id(17)
2024-11-13 04:46:33,559 - INFO - User id(4) posted a comment id(2)
2024-11-13 04:46:35,028 - INFO - User id(5) liked article id(6)
2024-11-13 04:46:38,553 - INFO - User id(8) liked comment id(6)
2024-11-13 04:46:41,213 - INFO - User id(10) deleted article id(17)
2024-11-13 04:47:40,563 - INFO - User id(4) posted a comment id(2)
2024-11-13 04:47:42,026 - INFO - User id(5) liked article id(6)
2024-11-13 04:47:45,790 - INFO - User id(8) liked comment id(6)
2024-11-13 04:47:48,851 - INFO - User id(10) deleted article id(17)
2024-11-13 04:48:34,982 - INFO - User id(4) posted a comment id(2)
2024-11-13 04:48:36,110 - INFO - User id(5) liked article id(6)
2024-11-13 04:48:39,467 - INFO - User id(8) liked comment id(6)
2024-11-13 04:48:41,743 - INFO - User id(10) deleted article id(17)
2024-11-13 08:51:42,305 - INFO - User id(4) posted a comment id(2)
2024-11-13 08:51:43,203 - INFO - User id(5) liked article id(6)
2024-11-13 08:51:45,616 - INFO - User id(8) liked comment id(6)
2024-11-13 08:51:47,226 - INFO - User id(10) deleted article id(17)
2024-11-14 04:23:02,435 - INFO - User id(2) liked comment id(10)
2024-11-14 04:27:42,075 - INFO - User id(2) removed the like from comment id(10)
2024-11-14 04:29:16,612 - INFO - User id(2) liked comment id(10)
2024-11-14 04:30:16,238 - INFO - User id(2) removed the like from comment id(10)
2024-11-14 04:31:01,675 - INFO - User id(2) liked comment id(10)
2024-11-14 04:31:11,481 - INFO - User id(2) liked article id(6)
2024-11-14 04:31:16,609 - INFO - User id(2) removed the like from article id(6)
2024-11-14 04:32:07,622 - INFO - User id(2) liked article id(6)
2024-11-14 04:57:28,410 - INFO - User id(2) liked article id(1)
2024-11-14 04:57:30,492 - INFO - User id(2) removed the like from article id(1)
2024-11-14 04:58:34,921 - INFO - User id(2) posted a comment id(2)
2024-11-14 04:58:42,415 - INFO - User id(2) liked comment id(2)
2024-11-14 04:58:53,855 - INFO - User id(2) liked article id(1)
2024-11-14 04:58:55,372 - INFO - User id(2) removed the like from article id(1)
2024-11-14 04:58:56,178 - INFO - User id(2) liked article id(1)
2024-11-14 04:58:56,824 - INFO - User id(2) removed the like from article id(1)
2024-11-14 04:58:57,487 - INFO - User id(2) liked article id(1)
2024-11-14 04:58:58,394 - INFO - User id(2) removed the like from article id(1)
2024-11-14 04:59:16,259 - INFO - User id(2) liked article id(1)
2024-11-14 04:59:16,978 - INFO - User id(2) removed the like from article id(1)
2024-11-14 08:42:03,583 - INFO - User id(2) removed the like from comment id(2)
2024-11-14 08:43:09,428 - INFO - User id(2) liked comment id(2)
2024-11-14 08:43:11,919 - INFO - User id(2) removed the like from comment id(2)
2024-11-14 08:43:13,984 - INFO - User id(2) liked comment id(2)
2024-11-14 08:43:16,428 - INFO - User id(2) liked comment id(1)
2024-11-14 08:43:18,559 - INFO - User id(2) removed the like from comment id(1)
2024-11-14 08:43:20,361 - INFO - User id(2) removed the like from comment id(2)
2024-11-14 08:43:23,205 - INFO - User id(2) liked article id(1)
2024-11-14 08:43:24,790 - INFO - User id(2) removed the like from article id(1)
2024-11-14 08:43:25,624 - INFO - User id(2) liked article id(1)
2024-11-14 08:43:26,479 - INFO - User id(2) removed the like from article id(1)
2024-11-14 08:44:25,620 - INFO - User id(2) liked comment id(2)
2024-11-14 08:44:51,727 - INFO - User id(2) liked comment id(1)
2024-11-14 08:45:05,971 - INFO - User id(2) removed the like from comment id(2)
2024-11-14 08:45:13,503 - INFO - User id(2) removed the like from comment id(1)
2024-11-14 08:45:25,370 - INFO - User id(2) liked comment id(2)
2024-11-14 08:45:27,038 - INFO - User id(2) removed the like from comment id(2)
2024-11-14 08:45:29,595 - INFO - User id(2) liked comment id(2)
2024-11-14 08:45:42,421 - INFO - User id(2) removed the like from comment id(2)
2024-11-14 08:46:08,641 - INFO - User id(2) liked comment id(2)
2024-11-14 08:46:11,245 - INFO - User id(2) removed the like from comment id(2)
2024-11-14 08:46:13,307 - INFO - User id(2) liked comment id(2)
2024-11-14 08:46:24,832 - INFO - User id(2 deleted comment id(2))
2024-11-14 08:46:30,280 - INFO - User id(2) posted a comment id(3)
2024-11-14 08:46:32,778 - INFO - User id(2) liked comment id(3)
2024-11-14 08:46:35,644 - INFO - User id(2) liked article id(1)
2024-11-14 08:46:43,421 - INFO - User id(2) removed the like from comment id(3)
2024-11-14 08:46:45,440 - INFO - User id(2 deleted comment id(3))
2024-11-14 08:46:52,994 - INFO - User id(2) posted a comment id(4)
2024-11-14 08:46:55,353 - INFO - User id(2) liked comment id(4)
2024-11-14 09:06:58,027 - INFO - User id(2) removed the like from article id(1)
2024-11-14 09:06:59,567 - INFO - User id(2) liked article id(1)
2024-11-14 09:07:01,689 - INFO - User id(2) removed the like from comment id(4)
2024-11-14 09:07:04,345 - INFO - User id(2) liked comment id(4)
2024-11-14 09:07:06,771 - INFO - User id(2) removed the like from article id(1)
2024-11-14 09:07:07,707 - INFO - User id(2) liked article id(1)
2024-11-14 09:12:20,905 - INFO - User id(2) removed the like from article id(1)
2024-11-14 09:12:22,271 - INFO - User id(2) liked article id(1)
2024-11-14 09:12:23,404 - INFO - User id(2) removed the like from article id(1)
2024-11-14 09:12:24,080 - INFO - User id(2) liked article id(1)
2024-11-14 09:12:51,054 - INFO - User id(2) removed the like from article id(1)
2024-11-14 09:12:52,033 - INFO - User id(2) liked article id(1)
2024-11-14 09:12:53,045 - INFO - User id(2) removed the like from article id(1)
2024-11-14 09:12:53,772 - INFO - User id(2) liked article id(1)
2024-11-14 09:13:51,503 - INFO - User id(2) removed the like from article id(1)
2024-11-14 09:13:52,720 - INFO - User id(2) liked article id(1)
2024-11-14 09:22:47,510 - INFO - User id(2) removed the like from article id(1)
2024-11-14 09:22:48,534 - INFO - User id(2) liked article id(1)
2024-11-14 09:22:50,508 - INFO - User id(2) removed the like from article id(1)
2024-11-14 09:22:51,277 - INFO - User id(2) liked article id(1)
2024-11-14 09:25:09,455 - INFO - User id(2) removed the like from article id(1)
2024-11-14 09:25:10,328 - INFO - User id(2) liked article id(1)
2024-11-14 09:31:58,598 - INFO - User id(2) removed the like from article id(1)
2024-11-14 09:31:59,446 - INFO - User id(2) liked article id(1)
2024-11-14 09:41:23,849 - INFO - User id(2) removed the like from article id(1)
2024-11-14 09:42:00,253 - INFO - User id(2) liked article id(1)
2024-11-14 09:42:02,367 - INFO - User id(2) removed the like from article id(1)
2024-11-14 09:42:03,694 - INFO - User id(2) liked article id(1)
2024-11-14 09:42:26,885 - INFO - User id(2) removed the like from article id(1)
2024-11-14 09:42:27,919 - INFO - User id(2) liked article id(1)
2024-11-14 09:42:28,588 - INFO - User id(2) removed the like from article id(1)
2024-11-14 09:42:29,569 - INFO - User id(2) liked article id(1)
2024-11-14 09:44:37,984 - INFO - User id(2) removed the like from article id(1)
2024-11-14 09:44:38,958 - INFO - User id(2) liked article id(1)
2024-11-14 09:54:18,398 - INFO - User id(2) removed the like from article id(1)
2024-11-14 09:54:19,175 - INFO - User id(2) liked article id(1)
2024-11-15 02:17:56,866 - INFO - User id(2) removed the like from comment id(4)
2024-11-15 02:18:03,261 - INFO - User id(2) liked comment id(4)
2024-11-15 02:18:37,879 - INFO - User id(1) liked comment id(4)
2024-11-15 02:18:40,509 - INFO - User id(1) liked article id(1)
2024-11-15 02:18:45,287 - INFO - User id(1) removed the like from comment id(4)
2024-11-15 02:19:11,276 - INFO - User id(1) removed the like from article id(1)
2024-11-15 02:19:12,360 - INFO - User id(1) liked article id(1)
2024-11-15 02:19:20,933 - INFO - User id(1) posted a comment id(5)
2024-11-15 02:19:23,394 - INFO - User id(1) liked comment id(5)
2024-11-15 02:19:25,795 - INFO - User id(1 deleted comment id(5))
2024-11-15 02:19:27,732 - INFO - User id(1) liked comment id(4)
2024-11-15 02:20:17,323 - INFO - User id(4) posted a comment id(2)
2024-11-15 02:20:18,854 - INFO - User id(5) liked article id(6)
2024-11-15 02:20:21,442 - INFO - User id(8) liked comment id(6)
2024-11-15 02:20:23,722 - INFO - User id(10) deleted article id(17)
2024-11-15 02:20:36,506 - INFO - User id(4) posted a comment id(2)
2024-11-15 02:20:37,361 - INFO - User id(5) liked article id(6)
2024-11-15 02:20:39,711 - INFO - User id(8) liked comment id(6)
2024-11-15 02:20:41,268 - INFO - User id(10) deleted article id(17)
2024-11-15 02:29:35,754 - INFO - User id(1) removed the like from article id(1)
2024-11-15 02:29:36,717 - INFO - User id(1) liked article id(1)
2024-11-15 02:29:39,327 - INFO - User id(1) removed the like from comment id(4)
2024-11-15 02:29:41,436 - INFO - User id(1) liked comment id(4)
2024-11-15 02:59:14,358 - INFO - User id(4) posted a comment id(2)
2024-11-15 02:59:15,234 - INFO - User id(5) liked article id(6)
2024-11-15 02:59:17,842 - INFO - User id(8) liked comment id(6)
2024-11-15 02:59:19,490 - INFO - User id(10) deleted article id(17)
2024-11-15 04:05:14,714 - INFO - User id(4) posted a comment id(2)
2024-11-15 04:05:16,170 - INFO - User id(5) liked article id(6)
2024-11-15 04:05:18,886 - INFO - User id(8) liked comment id(6)
2024-11-15 04:05:20,616 - INFO - User id(10) deleted article id(17)
2024-11-15 09:05:11,284 - INFO - User id(2) removed the like from comment id(4)
2024-11-15 09:06:47,298 - INFO - User id(4) posted a comment id(2)
2024-11-15 09:06:48,082 - INFO - User id(5) liked article id(6)
2024-11-15 09:06:50,446 - INFO - User id(8) liked comment id(6)
2024-11-15 09:08:33,530 - INFO - User id(4) posted a comment id(2)
2024-11-15 09:08:34,471 - INFO - User id(5) liked article id(6)
2024-11-15 09:08:37,838 - INFO - User id(8) liked comment id(6)
2024-11-15 09:20:02,050 - INFO - User id(4) posted a comment id(2)
2024-11-15 09:20:03,564 - INFO - User id(5) liked article id(6)
2024-11-15 09:20:06,341 - INFO - User id(8) liked comment id(6)
2024-11-15 09:21:46,838 - INFO - User id(4) posted a comment id(2)
2024-11-15 09:21:47,809 - INFO - User id(5) liked article id(6)
2024-11-15 09:21:50,806 - INFO - User id(8) liked comment id(6)
